[    99.466] (--) Log file renamed from "/var/log/Xorg.pid-8539.log" to "/var/log/Xorg.0.log"
[    99.467] 
X.Org X Server 1.19.6
Release Date: 2017-12-20
[    99.467] X Protocol Version 11, Revision 0
[    99.467] Build Operating System: Linux 4.15.0-109-generic aarch64 Ubuntu
[    99.468] Current Operating System: Linux alicejetsonnao-desktop 4.9.201-tegra #1 SMP PREEMPT Fri Feb 19 08:40:32 PST 2021 aarch64
[    99.468] Kernel command line: tegraid=21.1.2.0.0 ddr_die=4096M@2048M section=512M memtype=0 vpr_resize usb_port_owner_info=0 lane_owner_info=0 emc_max_dvfs=0 touch_id=0@63 video=tegrafb no_console_suspend=1 console=ttyS0,115200n8 debug_uartport=lsport,4 earlyprintk=uart8250-32bit,0x70006000 maxcpus=4 usbcore.old_scheme_first=1 lp0_vec=0x1000@0xff780000 core_edp_mv=1075 core_edp_ma=4000 gpt tegra_fbmem=0x800000@0x92ca9000 is_hdmi_initialised=1  earlycon=uart8250,mmio32,0x70006000  root=/dev/mmcblk0p1 rw rootwait rootfstype=ext4 console=ttyS0,115200n8 console=tty0 fbcon=map:0 net.ifnames=0 quiet root=/dev/mmcblk0p1 rw rootwait rootfstype=ext4 console=ttyS0,115200n8 console=tty0 fbcon=map:0 net.ifnames=0 
[    99.469] Build Date: 15 September 2020  07:46:13AM
[    99.469] xorg-server 2:1.19.6-1ubuntu4.7 (For technical support please see http://www.ubuntu.com/support) 
[    99.469] Current version of pixman: 0.34.0
[    99.469] 	Before reporting problems, check http://wiki.x.org
	to make sure that you have the latest version.
[    99.469] Markers: (--) probed, (**) from config file, (==) default setting,
	(++) from command line, (!!) notice, (II) informational,
	(WW) warning, (EE) error, (NI) not implemented, (??) unknown.
[    99.471] (==) Log file: "/var/log/Xorg.0.log", Time: Tue Apr 12 23:00:57 2022
[    99.471] (==) Using config file: "/etc/X11/xorg.conf"
[    99.472] (==) Using system config directory "/usr/share/X11/xorg.conf.d"
[    99.473] (==) No Layout section.  Using the first Screen section.
[    99.473] (==) No screen section available. Using defaults.
[    99.473] (**) |-->Screen "Default Screen Section" (0)
[    99.473] (**) |   |-->Monitor "<default monitor>"
[    99.474] (==) No device specified for screen "Default Screen Section".
	Using the first device section listed.
[    99.474] (**) |   |-->Device "Tegra0"
[    99.474] (==) No monitor specified for screen "Default Screen Section".
	Using a default monitor configuration.
[    99.475] (==) Automatically adding devices
[    99.475] (==) Automatically enabling devices
[    99.475] (==) Automatically adding GPU devices
[    99.475] (==) Automatically binding GPU devices
[    99.475] (==) Max clients allowed: 256, resource mask: 0x1fffff
[    99.476] (WW) The directory "/usr/share/fonts/X11/cyrillic" does not exist.
[    99.476] 	Entry deleted from font path.
[    99.476] (WW) The directory "/usr/share/fonts/X11/100dpi/" does not exist.
[    99.476] 	Entry deleted from font path.
[    99.477] (WW) The directory "/usr/share/fonts/X11/75dpi/" does not exist.
[    99.477] 	Entry deleted from font path.
[    99.477] (WW) The directory "/usr/share/fonts/X11/100dpi" does not exist.
[    99.477] 	Entry deleted from font path.
[    99.478] (WW) The directory "/usr/share/fonts/X11/75dpi" does not exist.
[    99.478] 	Entry deleted from font path.
[    99.478] (==) FontPath set to:
	/usr/share/fonts/X11/misc,
	/usr/share/fonts/X11/Type1,
	built-ins
[    99.478] (==) ModulePath set to "/usr/lib/xorg/modules"
[    99.478] (II) The server relies on udev to provide the list of input devices.
	If no devices become available, reconfigure udev or disable AutoAddDevices.
[    99.478] (II) Loader magic: 0x558088f010
[    99.479] (II) Module ABI versions:
[    99.479] 	X.Org ANSI C Emulation: 0.4
[    99.479] 	X.Org Video Driver: 23.0
[    99.479] 	X.Org XInput driver : 24.1
[    99.480] 	X.Org Server Extension : 10.0
[    99.483] (++) using VT number 1

[    99.491] (II) systemd-logind: took control of session /org/freedesktop/login1/session/c24
[    99.493] (II) no primary bus or device found
[    99.493] (WW) "dri" will not be loaded unless you've specified it to be loaded elsewhere.
[    99.493] (II) "glx" will be loaded by default.
[    99.493] (II) LoadModule: "extmod"
[    99.493] (II) Module "extmod" already built-in
[    99.493] (II) LoadModule: "glx"
[    99.494] (II) Loading /usr/lib/xorg/modules/extensions/libglx.so
[    99.497] (II) Module glx: vendor="X.Org Foundation"
[    99.497] 	compiled for 1.19.6, module version = 1.0.0
[    99.497] 	ABI class: X.Org Server Extension, version 10.0
[    99.498] (II) LoadModule: "nvidia"
[    99.498] (II) Loading /usr/lib/xorg/modules/drivers/nvidia_drv.so
[    99.500] (II) Module nvidia: vendor="NVIDIA Corporation"
[    99.501] 	compiled for 4.0.2, module version = 1.0.0
[    99.501] 	Module class: X.Org Video Driver
[    99.501] (II) NVIDIA dlloader X Driver  32.5.2  Release Build  (integ_stage_rel)  (buildbrain@mobile-u64-5497-d7000)  Fri Jul  9 08:56:20 PDT 2021
[    99.501] (II) NVIDIA Unified Driver for all Supported NVIDIA GPUs
[    99.501] (WW) Falling back to old probe method for NVIDIA
[    99.501] (II) Loading sub module "fb"
[    99.501] (II) LoadModule: "fb"
[    99.502] (II) Loading /usr/lib/xorg/modules/libfb.so
[    99.502] (II) Module fb: vendor="X.Org Foundation"
[    99.502] 	compiled for 1.19.6, module version = 1.0.0
[    99.503] 	ABI class: X.Org ANSI C Emulation, version 0.4
[    99.503] (II) Loading sub module "wfb"
[    99.503] (II) LoadModule: "wfb"
[    99.504] (II) Loading /usr/lib/xorg/modules/libwfb.so
[    99.504] (II) Module wfb: vendor="X.Org Foundation"
[    99.504] 	compiled for 1.19.6, module version = 1.0.0
[    99.505] 	ABI class: X.Org ANSI C Emulation, version 0.4
[    99.505] (II) Loading sub module "ramdac"
[    99.505] (II) LoadModule: "ramdac"
[    99.505] (II) Module "ramdac" already built-in
[    99.507] (WW) VGA arbiter: cannot open kernel arbiter, no multi-card support
[    99.507] (II) NVIDIA(0): Creating default Display subsection in Screen section
	"Default Screen Section" for depth/fbbpp 24/32
[    99.507] (==) NVIDIA(0): Depth 24, (==) framebuffer bpp 32
[    99.507] (==) NVIDIA(0): RGB weight 888
[    99.508] (==) NVIDIA(0): Default visual is TrueColor
[    99.508] (==) NVIDIA(0): Using gamma correction (1.0, 1.0, 1.0)
[    99.508] (DB) xf86MergeOutputClassOptions unsupported bus type 0
[    99.508] (**) NVIDIA(0): Option "AllowEmptyInitialConfiguration" "true"
[    99.508] (**) NVIDIA(0): Enabling 2D acceleration
[    99.508] (II) Loading sub module "glxserver_nvidia"
[    99.509] (II) LoadModule: "glxserver_nvidia"
[    99.509] (II) Loading /usr/lib/xorg/modules/extensions/libglxserver_nvidia.so
[    99.510] (EE) Failed to load /usr/lib/xorg/modules/extensions/libglxserver_nvidia.so: libnvidia-tls.so.32.5.2: cannot open shared object file: No such file or directory
[    99.510] (II) UnloadModule: "glxserver_nvidia"
[    99.510] (II) Unloading glxserver_nvidia
[    99.510] (EE) NVIDIA: Failed to load module "glxserver_nvidia" (loader failed, 7)
[    99.511] (EE) NVIDIA(0): Failed to initialize the GLX module; please check in your X
[    99.511] (EE) NVIDIA(0):     log file that the GLX module has been loaded in your X
[    99.511] (EE) NVIDIA(0):     server, and that the module is the NVIDIA GLX module.  If
[    99.511] (EE) NVIDIA(0):     you continue to encounter problems, Please try
[    99.511] (EE) NVIDIA(0):     reinstalling the NVIDIA driver.
[    99.524] (--) NVIDIA(0): Valid display device(s) on GPU-0 at SoC
[    99.524] (--) NVIDIA(0):     DFP-0
[    99.524] (--) NVIDIA(0):     DFP-1
[    99.525] (II) NVIDIA(0): NVIDIA GPU NVIDIA Tegra X1 (nvgpu) (GM20B) at SoC (GPU-0)
[    99.525] (--) NVIDIA(0): Memory: 4051080 kBytes
[    99.525] (--) NVIDIA(0): VideoBIOS: 
[    99.526] (--) NVIDIA(GPU-0): AUS VG278 (DFP-0): connected
[    99.526] (--) NVIDIA(GPU-0): AUS VG278 (DFP-0): External TMDS
[    99.527] (==) NVIDIA(0): 
[    99.527] (==) NVIDIA(0): No modes were requested; the default mode "nvidia-auto-select"
[    99.527] (==) NVIDIA(0):     will be used as the requested mode.
[    99.527] (==) NVIDIA(0): 
[    99.527] (II) NVIDIA(0): Validated MetaModes:
[    99.527] (II) NVIDIA(0):     "DFP-0:nvidia-auto-select"
[    99.528] (II) NVIDIA(0): Virtual screen size determined to be 1920 x 1080
[    99.531] (--) NVIDIA(0): DPI set to (81, 80); computed from "UseEdidDpi" X config
[    99.531] (--) NVIDIA(0):     option
[    99.531] (--) Depth 24 pixmap format is 32 bpp
[    99.532] (II) NVIDIA: Reserving 6144.00 MB of virtual memory for indirect memory
[    99.532] (II) NVIDIA:     access.
[    99.535] (EE) NVIDIA(0): Failed to allocate NVIDIA Error Handler
[    99.535] (II) NVIDIA(0): ACPI: failed to connect to the ACPI event daemon; the daemon
[    99.535] (II) NVIDIA(0):     may not be running or the "AcpidSocketPath" X
[    99.536] (II) NVIDIA(0):     configuration option may not be set correctly.  When the
[    99.536] (II) NVIDIA(0):     ACPI event daemon is available, the NVIDIA X driver will
[    99.536] (II) NVIDIA(0):     try to use it to receive ACPI event notifications.  For
[    99.536] (II) NVIDIA(0):     details, please see the "ConnectToAcpid" and
[    99.536] (II) NVIDIA(0):     "AcpidSocketPath" X configuration options in Appendix B: X
[    99.536] (II) NVIDIA(0):     Config Options in the README.
[    99.613] (II) NVIDIA(0): Setting mode "DFP-0:nvidia-auto-select"
[    99.624] (==) NVIDIA(0): Disabling shared memory pixmaps
[    99.624] (==) NVIDIA(0): Backing store enabled
[    99.624] (==) NVIDIA(0): Silken mouse enabled
[    99.638] (==) NVIDIA(0): DPMS enabled
[    99.638] (II) Loading sub module "dri2"
[    99.638] (II) LoadModule: "dri2"
[    99.638] (II) Module "dri2" already built-in
[    99.638] (II) NVIDIA(0): [DRI2] Setup complete
[    99.638] (II) NVIDIA(0): [DRI2]   VDPAU driver: nvidia
[    99.657] (--) RandR disabled
[    99.669] (II) SELinux: Disabled on system
[    99.670] (II) AIGLX: Screen 0 is not DRI2 capable
[    99.670] (EE) AIGLX: reverting to software rendering
[    99.752] (II) IGLX: enabled GLX_MESA_copy_sub_buffer
[    99.757] (II) IGLX: Loaded and initialized swrast
[    99.757] (II) GLX: Initialized DRISWRAST GL provider for screen 0
[    99.892] (II) config/udev: Adding input device tegra-hda HDMI/DP,pcm=3 (/dev/input/event0)
[    99.892] (II) No input driver specified, ignoring this device.
[    99.892] (II) This device may have been added with another device file.
[    99.895] (II) config/udev: Adding input device Logitech M585/M590 (/dev/input/event6)
[    99.895] (**) Logitech M585/M590: Applying InputClass "libinput pointer catchall"
[    99.895] (**) Logitech M585/M590: Applying InputClass "libinput keyboard catchall"
[    99.895] (II) LoadModule: "libinput"
[    99.896] (II) Loading /usr/lib/xorg/modules/input/libinput_drv.so
[    99.901] (II) Module libinput: vendor="X.Org Foundation"
[    99.901] 	compiled for 1.19.6, module version = 0.27.1
[    99.901] 	Module class: X.Org XInput Driver
[    99.901] 	ABI class: X.Org XInput driver, version 24.1
[    99.901] (II) Using input driver 'libinput' for 'Logitech M585/M590'
[    99.904] (II) systemd-logind: got fd for /dev/input/event6 13:70 fd 33 paused 0
[    99.905] (**) Logitech M585/M590: always reports core events
[    99.905] (**) Option "Device" "/dev/input/event6"
[    99.905] (**) Option "_source" "server/udev"
[    99.907] (II) event6  - Logitech M585/M590: is tagged by udev as: Keyboard Mouse
[    99.907] (II) event6  - Logitech M585/M590: device is a pointer
[    99.907] (II) event6  - Logitech M585/M590: device is a keyboard
[    99.907] (II) event6  - Logitech M585/M590: device removed
[    99.908] (II) libinput: Logitech M585/M590: needs a virtual subdevice
[    99.908] (**) Option "config_info" "udev:/sys/devices/70090000.xusb/usb1/1-2/1-2.1/1-2.1:1.2/0003:046D:C52B.0003/0003:046D:406B.0009/input/input6/event6"
[    99.908] (II) XINPUT: Adding extended input device "Logitech M585/M590" (type: MOUSE, id 6)
[    99.909] (**) Option "AccelerationScheme" "none"
[    99.909] (**) Logitech M585/M590: (accel) selected scheme none/0
[    99.909] (**) Logitech M585/M590: (accel) acceleration factor: 2.000
[    99.909] (**) Logitech M585/M590: (accel) acceleration threshold: 4
[    99.911] (II) event6  - Logitech M585/M590: is tagged by udev as: Keyboard Mouse
[    99.911] (II) event6  - Logitech M585/M590: device is a pointer
[    99.911] (II) event6  - Logitech M585/M590: device is a keyboard
[    99.914] (II) config/udev: Adding input device Logitech M585/M590 (/dev/input/mouse0)
[    99.914] (II) No input driver specified, ignoring this device.
[    99.914] (II) This device may have been added with another device file.
[    99.916] (II) config/udev: Adding input device PFU Limited HHKB-Hybrid (/dev/input/event2)
[    99.916] (**) PFU Limited HHKB-Hybrid: Applying InputClass "libinput keyboard catchall"
[    99.916] (II) Using input driver 'libinput' for 'PFU Limited HHKB-Hybrid'
[    99.922] (II) systemd-logind: got fd for /dev/input/event2 13:66 fd 36 paused 0
[    99.922] (**) PFU Limited HHKB-Hybrid: always reports core events
[    99.922] (**) Option "Device" "/dev/input/event2"
[    99.922] (**) Option "_source" "server/udev"
[    99.924] (II) event2  - PFU Limited HHKB-Hybrid: is tagged by udev as: Keyboard
[    99.924] (II) event2  - PFU Limited HHKB-Hybrid: device is a keyboard
[    99.924] (II) event2  - PFU Limited HHKB-Hybrid: device removed
[    99.925] (**) Option "config_info" "udev:/sys/devices/70090000.xusb/usb1/1-2/1-2.3/1-2.3:1.0/0003:04FE:0021.0004/input/input2/event2"
[    99.925] (II) XINPUT: Adding extended input device "PFU Limited HHKB-Hybrid" (type: KEYBOARD, id 7)
[    99.925] (**) Option "xkb_model" "hhk"
[    99.925] (**) Option "xkb_layout" "us"
[    99.925] (**) Option "xkb_options" "lv3:alt_switch,compose:caps"
[    99.988] (II) event2  - PFU Limited HHKB-Hybrid: is tagged by udev as: Keyboard
[    99.988] (II) event2  - PFU Limited HHKB-Hybrid: device is a keyboard
[    99.991] (II) config/udev: Adding input device PFU Limited HHKB-Hybrid (/dev/input/event3)
[    99.991] (**) PFU Limited HHKB-Hybrid: Applying InputClass "libinput keyboard catchall"
[    99.991] (II) Using input driver 'libinput' for 'PFU Limited HHKB-Hybrid'
[    99.995] (II) systemd-logind: got fd for /dev/input/event3 13:67 fd 37 paused 0
[    99.995] (**) PFU Limited HHKB-Hybrid: always reports core events
[    99.995] (**) Option "Device" "/dev/input/event3"
[    99.995] (**) Option "_source" "server/udev"
[    99.997] (II) event3  - PFU Limited HHKB-Hybrid: is tagged by udev as: Keyboard
[    99.997] (II) event3  - PFU Limited HHKB-Hybrid: device is a keyboard
[    99.997] (II) event3  - PFU Limited HHKB-Hybrid: device removed
[    99.997] (**) Option "config_info" "udev:/sys/devices/70090000.xusb/usb1/1-2/1-2.3/1-2.3:1.1/0003:04FE:0021.0005/input/input3/event3"
[    99.998] (II) XINPUT: Adding extended input device "PFU Limited HHKB-Hybrid" (type: KEYBOARD, id 8)
[    99.998] (**) Option "xkb_model" "hhk"
[    99.998] (**) Option "xkb_layout" "us"
[    99.998] (**) Option "xkb_options" "lv3:alt_switch,compose:caps"
[   100.000] (II) event3  - PFU Limited HHKB-Hybrid: is tagged by udev as: Keyboard
[   100.000] (II) event3  - PFU Limited HHKB-Hybrid: device is a keyboard
[   100.003] (II) config/udev: Adding input device SEM USB Keyboard (/dev/input/event4)
[   100.003] (**) SEM USB Keyboard: Applying InputClass "libinput keyboard catchall"
[   100.003] (II) Using input driver 'libinput' for 'SEM USB Keyboard'
[   100.007] (II) systemd-logind: got fd for /dev/input/event4 13:68 fd 38 paused 0
[   100.007] (**) SEM USB Keyboard: always reports core events
[   100.007] (**) Option "Device" "/dev/input/event4"
[   100.007] (**) Option "_source" "server/udev"
[   100.009] (II) event4  - SEM USB Keyboard: is tagged by udev as: Keyboard
[   100.009] (II) event4  - SEM USB Keyboard: device is a keyboard
[   100.009] (II) event4  - SEM USB Keyboard: device removed
[   100.009] (**) Option "config_info" "udev:/sys/devices/70090000.xusb/usb1/1-2/1-2.4/1-2.4:1.0/0003:1A2C:4324.0007/input/input4/event4"
[   100.009] (II) XINPUT: Adding extended input device "SEM USB Keyboard" (type: KEYBOARD, id 9)
[   100.009] (**) Option "xkb_model" "hhk"
[   100.009] (**) Option "xkb_layout" "us"
[   100.009] (**) Option "xkb_options" "lv3:alt_switch,compose:caps"
[   100.012] (II) event4  - SEM USB Keyboard: is tagged by udev as: Keyboard
[   100.012] (II) event4  - SEM USB Keyboard: device is a keyboard
[   100.014] (II) config/udev: Adding input device SEM USB Keyboard (/dev/input/event5)
[   100.014] (**) SEM USB Keyboard: Applying InputClass "libinput keyboard catchall"
[   100.014] (II) Using input driver 'libinput' for 'SEM USB Keyboard'
[   100.017] (II) systemd-logind: got fd for /dev/input/event5 13:69 fd 39 paused 0
[   100.017] (**) SEM USB Keyboard: always reports core events
[   100.017] (**) Option "Device" "/dev/input/event5"
[   100.017] (**) Option "_source" "server/udev"
[   100.019] (II) event5  - SEM USB Keyboard: is tagged by udev as: Keyboard
[   100.019] (II) event5  - SEM USB Keyboard: device is a keyboard
[   100.019] (II) event5  - SEM USB Keyboard: device removed
[   100.020] (II) libinput: SEM USB Keyboard: needs a virtual subdevice
[   100.029] (**) Option "config_info" "udev:/sys/devices/70090000.xusb/usb1/1-2/1-2.4/1-2.4:1.1/0003:1A2C:4324.0008/input/input5/event5"
[   100.029] (II) XINPUT: Adding extended input device "SEM USB Keyboard" (type: MOUSE, id 10)
[   100.029] (**) Option "AccelerationScheme" "none"
[   100.029] (**) SEM USB Keyboard: (accel) selected scheme none/0
[   100.029] (**) SEM USB Keyboard: (accel) acceleration factor: 2.000
[   100.029] (**) SEM USB Keyboard: (accel) acceleration threshold: 4
[   100.031] (II) event5  - SEM USB Keyboard: is tagged by udev as: Keyboard
[   100.031] (II) event5  - SEM USB Keyboard: device is a keyboard
[   100.033] (II) config/udev: Adding input device gpio-keys (/dev/input/event1)
[   100.033] (**) gpio-keys: Applying InputClass "libinput keyboard catchall"
[   100.033] (II) Using input driver 'libinput' for 'gpio-keys'
[   100.035] (II) systemd-logind: got fd for /dev/input/event1 13:65 fd 40 paused 0
[   100.035] (**) gpio-keys: always reports core events
[   100.035] (**) Option "Device" "/dev/input/event1"
[   100.035] (**) Option "_source" "server/udev"
[   100.039] (II) event1  - gpio-keys: is tagged by udev as: Keyboard
[   100.039] (II) event1  - gpio-keys: device is a keyboard
[   100.039] (II) event1  - gpio-keys: device removed
[   100.039] (**) Option "config_info" "udev:/sys/devices/gpio-keys/input/input1/event1"
[   100.039] (II) XINPUT: Adding extended input device "gpio-keys" (type: KEYBOARD, id 11)
[   100.039] (**) Option "xkb_model" "hhk"
[   100.039] (**) Option "xkb_layout" "us"
[   100.039] (**) Option "xkb_options" "lv3:alt_switch,compose:caps"
[   100.041] (II) event1  - gpio-keys: is tagged by udev as: Keyboard
[   100.041] (II) event1  - gpio-keys: device is a keyboard
[   100.066] (**) Logitech M585/M590: Applying InputClass "libinput pointer catchall"
[   100.066] (**) Logitech M585/M590: Applying InputClass "libinput keyboard catchall"
[   100.067] (II) Using input driver 'libinput' for 'Logitech M585/M590'
[   100.067] (II) systemd-logind: returning pre-existing fd for /dev/input/event6 13:70
[   100.068] (**) Logitech M585/M590: always reports core events
[   100.068] (**) Option "Device" "/dev/input/event6"
[   100.068] (**) Option "_source" "_driver/libinput"
[   100.069] (II) libinput: Logitech M585/M590: is a virtual subdevice
[   100.069] (**) Option "config_info" "udev:/sys/devices/70090000.xusb/usb1/1-2/1-2.1/1-2.1:1.2/0003:046D:C52B.0003/0003:046D:406B.0009/input/input6/event6"
[   100.069] (II) XINPUT: Adding extended input device "Logitech M585/M590" (type: KEYBOARD, id 12)
[   100.069] (**) Option "xkb_model" "hhk"
[   100.069] (**) Option "xkb_layout" "us"
[   100.069] (**) Option "xkb_options" "lv3:alt_switch,compose:caps"
[   100.073] (**) SEM USB Keyboard: Applying InputClass "libinput keyboard catchall"
[   100.073] (II) Using input driver 'libinput' for 'SEM USB Keyboard'
[   100.073] (II) systemd-logind: returning pre-existing fd for /dev/input/event5 13:69
[   100.073] (**) SEM USB Keyboard: always reports core events
[   100.073] (**) Option "Device" "/dev/input/event5"
[   100.073] (**) Option "_source" "_driver/libinput"
[   100.073] (II) libinput: SEM USB Keyboard: is a virtual subdevice
[   100.074] (**) Option "config_info" "udev:/sys/devices/70090000.xusb/usb1/1-2/1-2.4/1-2.4:1.1/0003:1A2C:4324.0008/input/input5/event5"
[   100.074] (II) XINPUT: Adding extended input device "SEM USB Keyboard" (type: KEYBOARD, id 13)
[   100.074] (**) Option "xkb_model" "hhk"
[   100.074] (**) Option "xkb_layout" "us"
[   100.074] (**) Option "xkb_options" "lv3:alt_switch,compose:caps"
[   101.118] (--) NVIDIA(GPU-0): AUS VG278 (DFP-0): connected
[   101.118] (--) NVIDIA(GPU-0): AUS VG278 (DFP-0): External TMDS
[   101.146] (--) NVIDIA(GPU-0): AUS VG278 (DFP-0): connected
[   101.147] (--) NVIDIA(GPU-0): AUS VG278 (DFP-0): External TMDS
[   101.149] (--) NVIDIA(GPU-0): AUS VG278 (DFP-0): connected
[   101.150] (--) NVIDIA(GPU-0): AUS VG278 (DFP-0): External TMDS
[   101.328] (--) NVIDIA(GPU-0): AUS VG278 (DFP-0): connected
[   101.329] (--) NVIDIA(GPU-0): AUS VG278 (DFP-0): External TMDS
[   101.356] (--) NVIDIA(GPU-0): AUS VG278 (DFP-0): connected
[   101.357] (--) NVIDIA(GPU-0): AUS VG278 (DFP-0): External TMDS
[   101.358] (--) NVIDIA(GPU-0): AUS VG278 (DFP-0): connected
[   101.359] (--) NVIDIA(GPU-0): AUS VG278 (DFP-0): External TMDS
[   101.379] (**) Option "fd" "33"
[   101.380] (**) Option "fd" "36"
[   101.380] (II) event2  - PFU Limited HHKB-Hybrid: device removed
[   101.380] (**) Option "fd" "37"
[   101.380] (II) event3  - PFU Limited HHKB-Hybrid: device removed
[   101.380] (**) Option "fd" "38"
[   101.380] (II) event4  - SEM USB Keyboard: device removed
[   101.381] (**) Option "fd" "39"
[   101.381] (**) Option "fd" "40"
[   101.381] (II) event1  - gpio-keys: device removed
[   101.381] (**) Option "fd" "33"
[   101.381] (II) event6  - Logitech M585/M590: device removed
[   101.381] (**) Option "fd" "39"
[   101.382] (II) event5  - SEM USB Keyboard: device removed
[   101.384] (II) UnloadModule: "libinput"
[   101.384] (II) systemd-logind: not releasing fd for 13:69, still in use
[   101.384] (II) UnloadModule: "libinput"
[   101.385] (II) systemd-logind: not releasing fd for 13:70, still in use
[   101.385] (II) UnloadModule: "libinput"
[   101.385] (II) systemd-logind: releasing fd for 13:65
[   101.404] (II) UnloadModule: "libinput"
[   101.404] (II) systemd-logind: releasing fd for 13:69
[   101.424] (II) UnloadModule: "libinput"
[   101.424] (II) systemd-logind: releasing fd for 13:68
[   101.444] (II) UnloadModule: "libinput"
[   101.444] (II) systemd-logind: releasing fd for 13:67
[   101.468] (II) UnloadModule: "libinput"
[   101.468] (II) systemd-logind: releasing fd for 13:66
[   101.484] (II) UnloadModule: "libinput"
[   101.485] (II) systemd-logind: releasing fd for 13:70
[   101.597] (II) NVIDIA(GPU-0): Deleting GPU-0
[   101.739] (II) Server terminated successfully (0). Closing log file.
